<?xml version="1.0" encoding="UTF-8"?>
<testng-results skipped="0" failed="0" ignored="0" total="1" passed="1">
  <reporter-output>
  </reporter-output>
  <suite name="SmokeSuite" duration-ms="28978" started-at="2019-01-20T19:02:46Z" finished-at="2019-01-20T19:03:15Z">
    <groups>
    </groups>
    <test name="SmokeTest" duration-ms="28978" started-at="2019-01-20T19:02:46Z" finished-at="2019-01-20T19:03:15Z">
      <class name="com.project.Automation.TC_001">
        <test-method status="PASS" signature="f()[pri:0, instance:com.project.Automation.TC_001@2b98378d]" name="f" duration-ms="27888" started-at="2019-01-20T14:02:46Z" finished-at="2019-01-20T14:03:14Z">
          <reporter-output>
          </reporter-output>
        </test-method> <!-- f -->
      </class> <!-- com.project.Automation.TC_001 -->
    </test> <!-- SmokeTest -->
  </suite> <!-- SmokeSuite -->
</testng-results>
